<?xml version="1.0" encoding="UTF-8"?>
<!-- Generated by org.testng.reporters.JUnitReportReporter -->
<testsuite hostname="MB958" failures="0" tests="1" name="com.base.TestRunner" time="17.205" errors="0" timestamp="2022-07-14T19:20:06 BST" skipped="0">
  <testcase classname="com.base.TestRunner" name="runScenario" time="17.205"/>
  <system-out/>
</testsuite> <!-- com.base.TestRunner -->
